# JRE version: OpenJDK Runtime Environment (15.0.2+7) (build 15.0.2+7-27)
# Java VM: OpenJDK 64-Bit Server VM (15.0.2+7-27, mixed mode, tiered, compressed oops, g1 gc, windows-amd64)
GC Precious Log:
 CPUs: 4 total, 4 available
 Memory: 3792M
 Large Page Support: Disabled
 NUMA Support: Disabled
 Compressed Oops: Enabled (32-bit)
 Heap Region Size: 1M
 Heap Min Capacity: 8M
 Heap Initial Capacity: 60M
 Heap Max Capacity: 950M
 Pre-touch: Disabled
 Parallel Workers: 4
 Concurrent Workers: 1
 Concurrent Refinement Workers: 4
 Periodic GC: Disabled
Heap:
 garbage-first heap   total 50176K, used 28193K [0x00000000c4a00000, 0x0000000100000000)
  region size 1024K, 6 young (6144K), 2 survivors (2048K)
 Metaspace       used 55423K, capacity 55977K, committed 56112K, reserved 1099776K
  class space    used 6569K, capacity 6778K, committed 6784K, reserved 1048576K
GC Heap History (20 events):
Event: 30.669 GC heap before
{Heap before GC invocations=18 (full 0):
 garbage-first heap   total 40960K, used 31482K [0x00000000c4a00000, 0x0000000100000000)
  region size 1024K, 16 young (16384K), 1 survivors (1024K)
 Metaspace       used 39872K, capacity 40247K, committed 40496K, reserved 1085440K
  class space    used 4542K, capacity 4683K, committed 4736K, reserved 1048576K
}
Event: 30.671 GC heap after
{Heap after GC invocations=19 (full 0):
 garbage-first heap   total 40960K, used 17567K [0x00000000c4a00000, 0x0000000100000000)
  region size 1024K, 1 young (1024K), 1 survivors (1024K)
 Metaspace       used 39872K, capacity 40247K, committed 40496K, reserved 1085440K
  class space    used 4542K, capacity 4683K, committed 4736K, reserved 1048576K
}
Event: 30.687 GC heap before
{Heap before GC invocations=19 (full 0):
 garbage-first heap   total 40960K, used 31903K [0x00000000c4a00000, 0x0000000100000000)
  region size 1024K, 16 young (16384K), 1 survivors (1024K)
 Metaspace       used 39872K, capacity 40247K, committed 40496K, reserved 1085440K
  class space    used 4542K, capacity 4683K, committed 4736K, reserved 1048576K
}
Event: 30.689 GC heap after
{Heap after GC invocations=20 (full 0):
 garbage-first heap   total 40960K, used 17603K [0x00000000c4a00000, 0x0000000100000000)
  region size 1024K, 1 young (1024K), 1 survivors (1024K)
 Metaspace       used 39872K, capacity 40247K, committed 40496K, reserved 1085440K
  class space    used 4542K, capacity 4683K, committed 4736K, reserved 1048576K
}
Event: 31.097 GC heap before
{Heap before GC invocations=20 (full 0):
 garbage-first heap   total 40960K, used 32963K [0x00000000c4a00000, 0x0000000100000000)
  region size 1024K, 17 young (17408K), 1 survivors (1024K)
 Metaspace       used 40394K, capacity 40762K, committed 40880K, reserved 1085440K
  class space    used 4603K, capacity 4748K, committed 4864K, reserved 1048576K
}
Event: 31.100 GC heap after
{Heap after GC invocations=21 (full 0):
 garbage-first heap   total 40960K, used 17733K [0x00000000c4a00000, 0x0000000100000000)
  region size 1024K, 1 young (1024K), 1 survivors (1024K)
 Metaspace       used 40394K, capacity 40762K, committed 40880K, reserved 1085440K
  class space    used 4603K, capacity 4748K, committed 4864K, reserved 1048576K
}
Event: 36.183 GC heap before
{Heap before GC invocations=21 (full 0):
 garbage-first heap   total 40960K, used 33093K [0x00000000c4a00000, 0x0000000100000000)
  region size 1024K, 17 young (17408K), 1 survivors (1024K)
 Metaspace       used 43054K, capacity 43544K, committed 43696K, reserved 1087488K
  class space    used 4904K, capacity 5077K, committed 5120K, reserved 1048576K
}
Event: 36.188 GC heap after
{Heap after GC invocations=22 (full 0):
 garbage-first heap   total 40960K, used 18891K [0x00000000c4a00000, 0x0000000100000000)
  region size 1024K, 3 young (3072K), 3 survivors (3072K)
 Metaspace       used 43054K, capacity 43544K, committed 43696K, reserved 1087488K
  class space    used 4904K, capacity 5077K, committed 5120K, reserved 1048576K
}
Event: 36.942 GC heap before
{Heap before GC invocations=22 (full 0):
 garbage-first heap   total 40960K, used 31179K [0x00000000c4a00000, 0x0000000100000000)
  region size 1024K, 16 young (16384K), 3 survivors (3072K)
 Metaspace       used 45448K, capacity 45945K, committed 46128K, reserved 1089536K
  class space    used 5299K, capacity 5467K, committed 5504K, reserved 1048576K
}
Event: 36.949 GC heap after
{Heap after GC invocations=23 (full 0):
 garbage-first heap   total 40960K, used 19977K [0x00000000c4a00000, 0x0000000100000000)
  region size 1024K, 2 young (2048K), 2 survivors (2048K)
 Metaspace       used 45448K, capacity 45945K, committed 46128K, reserved 1089536K
  class space    used 5299K, capacity 5467K, committed 5504K, reserved 1048576K
}
Event: 37.569 GC heap before
{Heap before GC invocations=23 (full 0):
 garbage-first heap   total 40960K, used 32265K [0x00000000c4a00000, 0x0000000100000000)
  region size 1024K, 14 young (14336K), 2 survivors (2048K)
 Metaspace       used 48038K, capacity 48543K, committed 48560K, reserved 1091584K
  class space    used 5724K, capacity 5885K, committed 5888K, reserved 1048576K
}
Event: 37.574 GC heap after
{Heap after GC invocations=24 (full 0):
 garbage-first heap   total 40960K, used 20926K [0x00000000c4a00000, 0x0000000100000000)
  region size 1024K, 1 young (1024K), 1 survivors (1024K)
 Metaspace       used 48038K, capacity 48543K, committed 48560K, reserved 1091584K
  class space    used 5724K, capacity 5885K, committed 5888K, reserved 1048576K
}
Event: 38.590 GC heap before
{Heap before GC invocations=25 (full 0):
 garbage-first heap   total 40960K, used 32190K [0x00000000c4a00000, 0x0000000100000000)
  region size 1024K, 13 young (13312K), 1 survivors (1024K)
 Metaspace       used 51002K, capacity 51544K, committed 51760K, reserved 1095680K
  class space    used 6049K, capacity 6243K, committed 6272K, reserved 1048576K
}
Event: 38.595 GC heap after
{Heap after GC invocations=26 (full 0):
 garbage-first heap   total 40960K, used 22098K [0x00000000c4a00000, 0x0000000100000000)
  region size 1024K, 2 young (2048K), 2 survivors (2048K)
 Metaspace       used 51002K, capacity 51544K, committed 51760K, reserved 1095680K
  class space    used 6049K, capacity 6243K, committed 6272K, reserved 1048576K
}
Event: 39.016 GC heap before
{Heap before GC invocations=26 (full 0):
 garbage-first heap   total 40960K, used 28242K [0x00000000c4a00000, 0x0000000100000000)
  region size 1024K, 10 young (10240K), 2 survivors (2048K)
 Metaspace       used 51709K, capacity 52255K, committed 52400K, reserved 1095680K
  class space    used 6131K, capacity 6287K, committed 6400K, reserved 1048576K
}
Event: 39.024 GC heap after
{Heap after GC invocations=27 (full 0):
 garbage-first heap   total 40960K, used 24144K [0x00000000c4a00000, 0x0000000100000000)
  region size 1024K, 2 young (2048K), 2 survivors (2048K)
 Metaspace       used 51709K, capacity 52255K, committed 52400K, reserved 1095680K
  class space    used 6131K, capacity 6287K, committed 6400K, reserved 1048576K
}
Event: 39.190 GC heap before
{Heap before GC invocations=28 (full 0):
 garbage-first heap   total 45056K, used 25168K [0x00000000c4a00000, 0x0000000100000000)
  region size 1024K, 3 young (3072K), 2 survivors (2048K)
 Metaspace       used 51877K, capacity 52415K, committed 52656K, reserved 1095680K
  class space    used 6153K, capacity 6319K, committed 6400K, reserved 1048576K
}
Event: 39.195 GC heap after
{Heap after GC invocations=29 (full 0):
 garbage-first heap   total 45056K, used 24792K [0x00000000c4a00000, 0x0000000100000000)
  region size 1024K, 1 young (1024K), 1 survivors (1024K)
 Metaspace       used 51877K, capacity 52415K, committed 52656K, reserved 1095680K
  class space    used 6153K, capacity 6319K, committed 6400K, reserved 1048576K
}
Event: 40.168 GC heap before
{Heap before GC invocations=30 (full 0):
 garbage-first heap   total 50176K, used 36056K [0x00000000c4a00000, 0x0000000100000000)
  region size 1024K, 11 young (11264K), 1 survivors (1024K)
 Metaspace       used 54652K, capacity 55241K, committed 55344K, reserved 1097728K
  class space    used 6457K, capacity 6682K, committed 6784K, reserved 1048576K
}
Event: 40.172 GC heap after
{Heap after GC invocations=31 (full 0):
 garbage-first heap   total 50176K, used 25121K [0x00000000c4a00000, 0x0000000100000000)
  region size 1024K, 2 young (2048K), 2 survivors (2048K)
 Metaspace       used 54652K, capacity 55241K, committed 55344K, reserved 1097728K
  class space    used 6457K, capacity 6682K, committed 6784K, reserved 1048576K
}

